#
# There is insufficient memory for the Java Runtime Environment to continue.
# Native memory allocation (mmap) failed to map 67108864 bytes for G1 virtual space
# Possible reasons:
#   The system is out of physical RAM or swap space
#   The process is running with CompressedOops enabled, and the Java Heap may be blocking the growth of the native heap
# Possible solutions:
#   Reduce memory load on the system
#   Increase physical memory or swap space
#   Check if swap backing store is full
#   Decrease Java heap size (-Xmx/-Xms)
#   Decrease number of Java threads
#   Decrease Java thread stack sizes (-Xss)
#   Set larger code cache with -XX:ReservedCodeCacheSize=
#   JVM is running with Unscaled Compressed Oops mode in which the Java heap is
#     placed in the first 4GB address space. The Java Heap base address is the
#     maximum limit for the native heap growth. Please use -XX:HeapBaseMinAddress
#     to set the Java Heap base and to place the Java Heap above 4GB virtual address.
# This output file may be truncated or incomplete.
#
#  Out of Memory Error (os_windows.cpp:3536), pid=1352, tid=6596
#
# JRE version:  (19.0.2+7) (build )
# Java VM: Java HotSpot(TM) 64-Bit Server VM (19.0.2+7-44, mixed mode, sharing, tiered, compressed oops, compressed class ptrs, g1 gc, windows-amd64)
# No core dump will be written. Minidumps are not enabled by default on client versions of Windows
#

---------------  S U M M A R Y ------------

Command Line: org.jetbrains.kotlin.cli.jvm.K2JVMCompiler @C:\Users\Rasim\AwesomeProject\node_modules\react-native-screens\android\build\20230719_7574239679422222292.compiler.options

Host: Intel(R) Core(TM) i5-7200U CPU @ 2.50GHz, 4 cores, 3G,  Windows 10 , 64 bit Build 19041 (10.0.19041.662)
Time: Wed Jul 19 15:15:40 2023 RTZ 2 (s 10 , 64 bit Build 19041 (10.0.19041.662) elapsed time: 0.619778 seconds (0d 0h 0m 0s)

---------------  T H R E A D  ---------------

Current thread (0x000002a837b56320):  JavaThread "Unknown thread" [_thread_in_vm, id=6596, stack(0x000000e68f700000,0x000000e68f800000)]

Stack: [0x000000e68f700000,0x000000e68f800000]
Native frames: (J=compiled Java code, j=interpreted, Vv=VM code, C=native code)
V  [jvm.dll+0x6ee21a]
V  [jvm.dll+0x85765e]
V  [jvm.dll+0x85904e]
V  [jvm.dll+0x859703]
V  [jvm.dll+0x28298f]
V  [jvm.dll+0x6eb009]
V  [jvm.dll+0x6dfbaa]
V  [jvm.dll+0x3573f6]
V  [jvm.dll+0x35ee56]
V  [jvm.dll+0x3b541e]
V  [jvm.dll+0x3b564f]
V  [jvm.dll+0x32c9ea]
V  [jvm.dll+0x32d89e]
V  [jvm.dll+0x821780]
V  [jvm.dll+0x3c2661]
V  [jvm.dll+0x801f51]
V  [jvm.dll+0x44ae8f]
V  [jvm.dll+0x44c811]
C  [jli.dll+0x5287]
C  [ucrtbase.dll+0x214c2]
C  [KERNEL32.DLL+0x17034]
C  [ntdll.dll+0x4d0d1]


---------------  P R O C E S S  ---------------

Threads class SMR info:
_java_thread_list=0x00007ffab8cad048, length=0, elements={
}

Java Threads: ( => current thread )

Other Threads:
  0x000002a837b96ff0 WorkerThread "GC Thread#0" [stack: 0x000000e68f800000,0x000000e68f900000] [id=1328]
  0x000002a837ba0420 ConcurrentGCThread "G1 Main Marker" [stack: 0x000000e68f900000,0x000000e68fa00000] [id=6956]
  0x000002a837ba0d60 WorkerThread "G1 Conc#0" [stack: 0x000000e68fa00000,0x000000e68fb00000] [id=916]

[error occurred during error reporting (printing all threads), id 0xc0000005, EXCEPTION_ACCESS_VIOLATION (0xc0000005) at pc=0x00007ffab846d427]

VM state: not at safepoint (not fully initialized)

VM Mutex/Monitor currently owned by a thread:  ([mutex/lock_event])
[0x000002a837a2b8a0] Heap_lock - owner thread: 0x000002a837b56320

Heap address: 0x00000000c1c00000, size: 996 MB, Compressed Oops mode: 32-bit

CDS archive(s) mapped at: [0x0000000000000000-0x0000000000000000-0x0000000000000000), size 0, SharedBaseAddress: 0x0000000800000000, ArchiveRelocationMode: 0.
Narrow klass base: 0x0000000000000000, Narrow klass shift: 0, Narrow klass range: 0x0

GC Precious Log:
 CardTable entry size: 512
 Card Set container configuration: InlinePtr #cards 5 size 8 Array Of Cards #cards 12 size 40 Howl #buckets 4 coarsen threshold 1843 Howl Bitmap #cards 512 size 80 coarsen threshold 460 Card regions per heap region 1 cards per card region 2048

Heap:
 garbage-first heap   total 0K, used 0K [0x00000000c1c00000, 0x0000000100000000)
  region size 1024K, 0 young (0K), 0 survivors (0K)

[error occurred during error reporting (printing heap information), id 0xc0000005, EXCEPTION_ACCESS_VIOLATION (0xc0000005) at pc=0x00007ffab8876649]

GC Heap History (0 events):
No events

Dll operation events (1 events):
Event: 0.376 Loaded shared library C:\Program Files\Java\jdk-19\bin\java.dll

Deoptimization events (0 events):
No events

Classes loaded (0 events):
No events

Classes unloaded (0 events):
No events

Classes redefined (0 events):
No events

Internal exceptions (0 events):
No events

VM Operations (0 events):
No events

Events (0 events):
No events


Dynamic libraries:
0x00007ff747af0000 - 0x00007ff747b00000 	C:\Program Files\Java\jdk-19\bin\java.exe
0x00007ffb1e190000 - 0x00007ffb1e386000 	C:\Windows\SYSTEM32\ntdll.dll
0x00007ffb1e090000 - 0x00007ffb1e14d000 	C:\Windows\System32\KERNEL32.DLL
0x00007ffb1bec0000 - 0x00007ffb1c189000 	C:\Windows\System32\KERNELBASE.dll
0x00007ffb1bb80000 - 0x00007ffb1bc80000 	C:\Windows\System32\ucrtbase.dll
0x00007ffaed140000 - 0x00007ffaed158000 	C:\Program Files\Java\jdk-19\bin\jli.dll
0x00007ffaeafa0000 - 0x00007ffaeafbb000 	C:\Program Files\Java\jdk-19\bin\VCRUNTIME140.dll
0x00007ffb1d040000 - 0x00007ffb1d0ec000 	C:\Windows\System32\ADVAPI32.dll
0x00007ffb1dff0000 - 0x00007ffb1e08e000 	C:\Windows\System32\msvcrt.dll
0x00007ffb1d0f0000 - 0x00007ffb1d18c000 	C:\Windows\System32\sechost.dll
0x00007ffb1d590000 - 0x00007ffb1d6bb000 	C:\Windows\System32\RPCRT4.dll
0x00007ffb1d6c0000 - 0x00007ffb1d860000 	C:\Windows\System32\USER32.dll
0x00007ffb1bd30000 - 0x00007ffb1bd52000 	C:\Windows\System32\win32u.dll
0x00007ffb1cf90000 - 0x00007ffb1cfba000 	C:\Windows\System32\GDI32.dll
0x00007ffb1bd60000 - 0x00007ffb1be6b000 	C:\Windows\System32\gdi32full.dll
0x00007ffb1ba60000 - 0x00007ffb1bafd000 	C:\Windows\System32\msvcp_win.dll
0x00007ffb09de0000 - 0x00007ffb0a07b000 	C:\Windows\WinSxS\amd64_microsoft.windows.common-controls_6595b64144ccf1df_6.0.19041.746_none_ca02b4b61b8320a4\COMCTL32.dll
0x00007ffb15330000 - 0x00007ffb1533a000 	C:\Windows\SYSTEM32\VERSION.dll
0x00007ffb1d560000 - 0x00007ffb1d590000 	C:\Windows\System32\IMM32.DLL
0x00007ffaec9c0000 - 0x00007ffaec9cc000 	C:\Program Files\Java\jdk-19\bin\vcruntime140_1.dll
0x00007ffacbe40000 - 0x00007ffacbece000 	C:\Program Files\Java\jdk-19\bin\msvcp140.dll
0x00007ffab8130000 - 0x00007ffab8df0000 	C:\Program Files\Java\jdk-19\bin\server\jvm.dll
0x00007ffaec460000 - 0x00007ffaec469000 	C:\Windows\SYSTEM32\WSOCK32.dll
0x00007ffb0b7e0000 - 0x00007ffb0b807000 	C:\Windows\SYSTEM32\WINMM.dll
0x00007ffb1dd30000 - 0x00007ffb1dd9b000 	C:\Windows\System32\WS2_32.dll
0x00007ffb19830000 - 0x00007ffb19842000 	C:\Windows\SYSTEM32\kernel.appcore.dll
0x00007ffaebe10000 - 0x00007ffaebe1a000 	C:\Program Files\Java\jdk-19\bin\jimage.dll
0x00007ffaf8510000 - 0x00007ffaf86f4000 	C:\Windows\SYSTEM32\DBGHELP.DLL
0x00007ffaf84b0000 - 0x00007ffaf84dc000 	C:\Windows\SYSTEM32\dbgcore.DLL
0x00007ffb1bb00000 - 0x00007ffb1bb80000 	C:\Windows\System32\bcryptPrimitives.dll
0x00007ffae7fc0000 - 0x00007ffae7fe6000 	C:\Program Files\Java\jdk-19\bin\java.dll

dbghelp: loaded successfully - version: 4.0.5 - missing functions: none
symbol engine: initialized successfully - sym options: 0x614 - pdb path: .;C:\Program Files\Java\jdk-19\bin;C:\Windows\SYSTEM32;C:\Windows\WinSxS\amd64_microsoft.windows.common-controls_6595b64144ccf1df_6.0.19041.746_none_ca02b4b61b8320a4;C:\Program Files\Java\jdk-19\bin\server

VM Arguments:
java_command: org.jetbrains.kotlin.cli.jvm.K2JVMCompiler @C:\Users\Rasim\AwesomeProject\node_modules\react-native-screens\android\build\20230719_7574239679422222292.compiler.options
java_class_path (initial): C:\Users\Rasim\.gradle\caches\modules-2\files-2.1\org.jetbrains.kotlin\kotlin-compiler-embeddable\1.6.21\97bdd5a752ce73b58ef16c17bc7f0ea2faff7a2e\kotlin-compiler-embeddable-1.6.21.jar;C:\Users\Rasim\.gradle\caches\modules-2\files-2.1\org.jetbrains.kotlin\kotlin-reflect\1.6.21\5dc3574d9b7bebfcb4ec6b10ada4aaa9e140bd0b\kotlin-reflect-1.6.21.jar;C:\Users\Rasim\.gradle\caches\modules-2\files-2.1\org.jetbrains.kotlin\kotlin-stdlib\1.6.21\11ef67f1900634fd951bad28c53ec957fabbe5b8\kotlin-stdlib-1.6.21.jar;C:\Users\Rasim\.gradle\caches\modules-2\files-2.1\org.jetbrains.kotlin\kotlin-script-runtime\1.6.21\99c6675100da5d6d5b1c5a1032f27f28008d101b\kotlin-script-runtime-1.6.21.jar;C:\Users\Rasim\.gradle\caches\modules-2\files-2.1\org.jetbrains.kotlin\kotlin-daemon-embeddable\1.6.21\46b78cf392e1c4f10854c3cadba44abb7b82250f\kotlin-daemon-embeddable-1.6.21.jar;C:\Users\Rasim\.gradle\caches\modules-2\files-2.1\org.jetbrains.intellij.deps\trove4j\1.0.20200330\3afb14d5f9ceb459d724e907a21145e8ff394f02\trove4j-1.0.20200330.jar;C:\Users\Rasim\.gradle\caches\modules-2\files-2.1\net.java.dev.jna\jna\5.6.0\330f2244e9030119ab3030fc3fededc86713d9cc\jna-5.6.0.jar;C:\Users\Rasim\.gradle\caches\modules-2\files-2.1\org.jetbrains.kotlin\kotlin-stdlib-common\1.6.21\5e5b55c26dbc80372a920aef60eb774b714559b8\kotlin-stdlib-common-1.6.21.jar;C:\Users\Rasim\.gradle\caches\modules-2\files-2.1\org.jetbrains\annotations\13.0\919f0dfe192fb4e063e7dacadee7f8bb9a2672a9\annotations-13.0.jar
Launcher Type: SUN_STANDARD

[Global flags]
     intx CICompilerCount                          = 3                                         {product} {ergonomic}
     uint ConcGCThreads                            = 1                                         {product} {ergonomic}
     uint G1ConcRefinementThreads                  = 4                                         {product} {ergonomic}
   size_t G1HeapRegionSize                         = 1048576                                   {product} {ergonomic}
    uintx GCDrainStackTargetSize                   = 64                                        {product} {ergonomic}
   size_t InitialHeapSize                          = 67108864                                  {product} {ergonomic}
   size_t MarkStackSize                            = 4194304                                   {product} {ergonomic}
   size_t MaxHeapSize                              = 1044381696                                {product} {ergonomic}
   size_t MinHeapDeltaBytes                        = 1048576                                   {product} {ergonomic}
   size_t MinHeapSize                              = 8388608                                   {product} {ergonomic}
    uintx NonNMethodCodeHeapSize                   = 5832780                                {pd product} {ergonomic}
    uintx NonProfiledCodeHeapSize                  = 122912730                              {pd product} {ergonomic}
    uintx ProfiledCodeHeapSize                     = 122912730                              {pd product} {ergonomic}
    uintx ReservedCodeCacheSize                    = 251658240                              {pd product} {ergonomic}
     bool SegmentedCodeCache                       = true                                      {product} {ergonomic}
   size_t SoftMaxHeapSize                          = 1044381696                             {manageable} {ergonomic}
     bool UseCompressedClassPointers               = true                           {product lp64_product} {ergonomic}
     bool UseCompressedOops                        = true                           {product lp64_product} {ergonomic}
     bool UseG1GC                                  = true                                      {product} {ergonomic}
     bool UseLargePagesIndividualAllocation        = false                                  {pd product} {ergonomic}

Logging:
Log output configuration:
 #0: stdout all=warning uptime,level,tags foldmultilines=false
 #1: stderr all=off uptime,level,tags foldmultilines=false

Environment Variables:
JAVA_HOME=C:\Program Files\Java\jdk-19
CLASSPATH=C:\Users\Rasim\AwesomeProject\android\\gradle\wrapper\gradle-wrapper.jar
PATH=C:\Users\Rasim\AppData\Local\Temp\yarn--1689767757232-0.6828267220574866;C:\Users\Rasim\AwesomeProject\node_modules\.bin;C:\Users\Rasim\AppData\Local\Yarn\Data\link\node_modules\.bin;C:\Program Files\libexec\lib\node_modules\npm\bin\node-gyp-bin;C:\Program Files\lib\node_modules\npm\bin\node-gyp-bin;C:\Program Files\nodejs\node_modules\npm\bin\node-gyp-bin;C:\Program Files\Common Files\Oracle\Java\javapath;C:\Windows\system32;C:\Windows;C:\Windows\System32\Wbem;C:\Windows\System32\WindowsPowerShell\v1.0\;C:\Windows\System32\OpenSSH\;C:\Program Files (x86)\dotnet\;C:\Program Files\nodejs\;C:\Program Files\Git\cmd;C:\Program Files\Android\openlogic-openjdk-17.0.5+8-windows-x64\bin;C:\Program Files\Java\jdk-19\bin;C:\Users\Rasim\AppData\Local\Android\Sdk;C:\Users\Rasim\AppData\Local\Android\Sdk\platform-tools;C:\Users\Rasim\AppData\Local\Android\Sdk\watchman;C:\Program Files (x86)\Yarn\bin\;C:\Users\Rasim\AppData\Local\Microsoft\WindowsApps;C:\Users\Rasim\AppData\Roaming\npm;C:\Users\Rasim\AppData\Local\Programs\Microsoft VS Code\bin;C:\Users\Rasim\AppData\Local\Yarn\bin;
USERNAME=Rasim
LANG=en_US.UTF-8
OS=Windows_NT
PROCESSOR_IDENTIFIER=Intel64 Family 6 Model 142 Stepping 9, GenuineIntel
TMP=C:\Users\Rasim\AppData\Local\Temp
TEMP=C:\Users\Rasim\AppData\Local\Temp



---------------  S Y S T E M  ---------------

OS:
 Windows 10 , 64 bit Build 19041 (10.0.19041.662)
OS uptime: 0 days 3:17 hours

CPU: total 4 (initial active 4) (2 cores per cpu, 2 threads per core) family 6 model 142 stepping 9 microcode 0xb4, cx8, cmov, fxsr, ht, mmx, 3dnowpref, sse, sse2, sse3, ssse3, sse4.1, sse4.2, popcnt, lzcnt, tsc, tscinvbit, avx, avx2, aes, erms, clmul, bmi1, bmi2, adx, fma, vzeroupper, clflush, clflushopt, rdtscp

Memory: 4k page, system-wide physical 3976M (125M free)
TotalPageFile size 11174M (AvailPageFile size 17M)
current process WorkingSet (physical memory assigned to process): 9M, peak: 9M
current process commit charge ("private bytes"): 51M, peak: 115M

vm_info: Java HotSpot(TM) 64-Bit Server VM (19.0.2+7-44) for windows-amd64 JRE (19.0.2+7-44), built on 2022-11-30T18:02:09Z by "mach5one" with MS VC++ 17.1 (VS2022)

END.
